-------------------------------------------------------------------------------
Test set: group1.AppTest
-------------------------------------------------------------------------------
Tests run: 1, Failures: 1, Errors: 0, Skipped: 0, Time elapsed: 1.01 s <<< FAILURE! - in group1.AppTest
shouldAnswerWithTrue(group1.AppTest)  Time elapsed: 0.922 s  <<< FAILURE!
java.lang.AssertionError
	at group1.AppTest.shouldAnswerWithTrue(AppTest.java:24)

